2025-12-24T05:05:40.565000Z  WARN tao::platform_impl::platform::event_loop::runner: NewEvents emitted without explicit RedrawEventsCleared
2025-12-24T05:05:40.581761Z  WARN tao::platform_impl::platform::event_loop::runner: RedrawEventsCleared emitted without explicit MainEventsCleared
2025-12-24T05:05:40.665145Z  INFO demo_recorder: Stopping recording (UI)...
2025-12-24T05:05:47.318956Z  INFO apply_zoom_effects: demo_recorder::zoom::post_process: Applying zoom effects to: C:\Users\Steve Business\Videos\DemoRecorder\recording_1766552731.mp4
2025-12-24T05:05:47.647172Z  INFO apply_zoom_effects:generate_keyframes: demo_recorder::zoom::post_process: Generating keyframes from 85 events
2025-12-24T05:05:47.647272Z  INFO apply_zoom_effects:generate_keyframes: demo_recorder::zoom::post_process: Keyframe generation complete: 1 -> 1 keyframes
2025-12-24T05:05:47.659489Z  INFO apply_zoom_effects: video: [libx264 @ 0000020631945040] using cpu capabilities: MMX2 SSE2Fast SSSE3 SSE4.2 AVX FMA3 BMI2 AVX2
2025-12-24T05:05:47.668280Z  INFO apply_zoom_effects: video: [libx264 @ 0000020631945040] profile High, level 5.1, 4:2:0, 8-bit
2025-12-24T05:05:47.668454Z  INFO apply_zoom_effects: video: [libx264 @ 0000020631945040] 264 - core 164 r3204 373697b - H.264/MPEG-4 AVC codec - Copyleft 2003-2025 - http://www.videolan.org/x264.html - options: cabac=1 ref=3 deblock=1:0:0 analyse=0x3:0x113 me=hex subme=7 psy=1 psy_rd=1.00:0.00 mixed_ref=1 me_range=16 chroma_me=1 trellis=1 8x8dct=1 cqm=0 deadzone=21,11 fast_pskip=1 chroma_qp_offset=-2 threads=12 lookahead_threads=2 sliced_threads=0 nr=0 decimate=1 interlaced=0 bluray_compat=0 constrained_intra=0 bframes=3 b_pyramid=2 b_adapt=1 b_bias=0 direct=1 weightb=1 open_gop=1 weightp=2 keyint=250 keyint_min=25 scenecut=40 intra_refresh=0 rc_lookahead=40 rc=crf mbtree=1 crf=23.0 qcomp=0.60 qpmin=0 qpmax=69 qpstep=4 ip_ratio=1.40 aq=1:1.00
2025-12-24T05:05:47.671136Z  INFO apply_zoom_effects:new{[3mwidth[0m[2m=[0m3840 [3mheight[0m[2m=[0m2160}: demo_recorder::zoom::render_engine: Initializing WGPU RenderEngine for 3840x2160
2025-12-24T05:05:48.667427Z  WARN apply_zoom_effects:new{[3mwidth[0m[2m=[0m3840 [3mheight[0m[2m=[0m2160}: wgpu_hal::vulkan::instance: InstanceFlags::VALIDATION requested, but unable to find layer: VK_LAYER_KHRONOS_validation
2025-12-24T05:05:48.667631Z  INFO apply_zoom_effects:new{[3mwidth[0m[2m=[0m3840 [3mheight[0m[2m=[0m2160}: wgpu_hal::vulkan::instance: GENERAL [Loader Message (0x0)]
	windows_get_app_package_manifest_path: Failed to find mapping layers packages by family name
2025-12-24T05:05:48.667736Z  INFO apply_zoom_effects:new{[3mwidth[0m[2m=[0m3840 [3mheight[0m[2m=[0m2160}: wgpu_hal::vulkan::instance: 	objects: (type: INSTANCE, hndl: 0x2063a464b20, name: ?)
2025-12-24T05:05:48.667824Z  INFO apply_zoom_effects:new{[3mwidth[0m[2m=[0m3840 [3mheight[0m[2m=[0m2160}: wgpu_hal::vulkan::instance: GENERAL [Loader Message (0x0)]
	Checking for Layer Manifest files in Registry at HKEY_LOCAL_MACHINE\SOFTWARE\Khronos\Vulkan\ImplicitLayers
2025-12-24T05:05:48.667894Z  INFO apply_zoom_effects:new{[3mwidth[0m[2m=[0m3840 [3mheight[0m[2m=[0m2160}: wgpu_hal::vulkan::instance: 	objects: (type: INSTANCE, hndl: 0x2063a464b20, name: ?)
2025-12-24T05:05:48.668073Z  INFO apply_zoom_effects:new{[3mwidth[0m[2m=[0m3840 [3mheight[0m[2m=[0m2160}: wgpu_hal::vulkan::instance: GENERAL [Loader Message (0x0)]
	windows_add_json_entry: Located json file "C:\WINDOWS\System32\DriverStore\FileRepository\nvamui.inf_amd64_fd91305b8294d88f\nv-vk64.json" from PnP registry: E
2025-12-24T05:05:48.668125Z  INFO apply_zoom_effects:new{[3mwidth[0m[2m=[0m3840 [3mheight[0m[2m=[0m2160}: wgpu_hal::vulkan::instance: 	objects: (type: INSTANCE, hndl: 0x2063a464b20, name: ?)
2025-12-24T05:05:48.668323Z  INFO apply_zoom_effects:new{[3mwidth[0m[2m=[0m3840 [3mheight[0m[2m=[0m2160}: wgpu_hal::vulkan::instance: GENERAL [Loader Message (0x0)]
	Located json file "C:\Program Files (x86)\Epic Games\Launcher\Portal\Extras\Overlay\EOSOverlayVkLayer-Win32.json" from registry "HKEY_CURRENT_USER\SOFTWARE\Khronos\Vulkan\ImplicitLayers"
2025-12-24T05:05:48.668401Z  INFO apply_zoom_effects:new{[3mwidth[0m[2m=[0m3840 [3mheight[0m[2m=[0m2160}: wgpu_hal::vulkan::instance: 	objects: (type: INSTANCE, hndl: 0x2063a464b20, name: ?)
2025-12-24T05:05:48.668483Z  INFO apply_zoom_effects:new{[3mwidth[0m[2m=[0m3840 [3mheight[0m[2m=[0m2160}: wgpu_hal::vulkan::instance: GENERAL [Loader Message (0x0)]
	Located json file "C:\Program Files (x86)\Epic Games\Launcher\Portal\Extras\Overlay\EOSOverlayVkLayer-Win64.json" from registry "HKEY_CURRENT_USER\SOFTWARE\Khronos\Vulkan\ImplicitLayers"
2025-12-24T05:05:48.668581Z  INFO apply_zoom_effects:new{[3mwidth[0m[2m=[0m3840 [3mheight[0m[2m=[0m2160}: wgpu_hal::vulkan::instance: 	objects: (type: INSTANCE, hndl: 0x2063a464b20, name: ?)
2025-12-24T05:05:48.668835Z  INFO apply_zoom_effects:new{[3mwidth[0m[2m=[0m3840 [3mheight[0m[2m=[0m2160}: wgpu_hal::vulkan::instance: GENERAL [Loader Message (0x0)]
	Found manifest file C:\WINDOWS\System32\DriverStore\FileRepository\nvamui.inf_amd64_fd91305b8294d88f\nv-vk64.json (file version 1.0.1)
2025-12-24T05:05:48.668891Z  INFO apply_zoom_effects:new{[3mwidth[0m[2m=[0m3840 [3mheight[0m[2m=[0m2160}: wgpu_hal::vulkan::instance: 	objects: (type: INSTANCE, hndl: 0x2063a464b20, name: ?)
2025-12-24T05:05:48.668996Z ERROR apply_zoom_effects:new{[3mwidth[0m[2m=[0m3840 [3mheight[0m[2m=[0m2160}: wgpu_hal::vulkan::instance: GENERAL [Loader Message (0x0)]
	loader_get_json: Failed to open JSON file C:\Program Files (x86)\Epic Games\Launcher\Portal\Extras\Overlay\EOSOverlayVkLayer-Win32.json
2025-12-24T05:05:48.669044Z ERROR apply_zoom_effects:new{[3mwidth[0m[2m=[0m3840 [3mheight[0m[2m=[0m2160}: wgpu_hal::vulkan::instance: 	objects: (type: INSTANCE, hndl: 0x2063a464b20, name: ?)
2025-12-24T05:05:48.669087Z ERROR apply_zoom_effects:new{[3mwidth[0m[2m=[0m3840 [3mheight[0m[2m=[0m2160}: wgpu_hal::vulkan::instance: GENERAL [Loader Message (0x0)]
	loader_get_json: Failed to open JSON file C:\Program Files (x86)\Epic Games\Launcher\Portal\Extras\Overlay\EOSOverlayVkLayer-Win32.json
2025-12-24T05:05:48.669132Z ERROR apply_zoom_effects:new{[3mwidth[0m[2m=[0m3840 [3mheight[0m[2m=[0m2160}: wgpu_hal::vulkan::instance: 	objects: (type: INSTANCE, hndl: 0x2063a464b20, name: ?)
2025-12-24T05:05:48.669211Z ERROR apply_zoom_effects:new{[3mwidth[0m[2m=[0m3840 [3mheight[0m[2m=[0m2160}: wgpu_hal::vulkan::instance: GENERAL [Loader Message (0x0)]
	loader_get_json: Failed to open JSON file C:\Program Files (x86)\Epic Games\Launcher\Portal\Extras\Overlay\EOSOverlayVkLayer-Win64.json
2025-12-24T05:05:48.669258Z ERROR apply_zoom_effects:new{[3mwidth[0m[2m=[0m3840 [3mheight[0m[2m=[0m2160}: wgpu_hal::vulkan::instance: 	objects: (type: INSTANCE, hndl: 0x2063a464b20, name: ?)
2025-12-24T05:05:48.669298Z ERROR apply_zoom_effects:new{[3mwidth[0m[2m=[0m3840 [3mheight[0m[2m=[0m2160}: wgpu_hal::vulkan::instance: GENERAL [Loader Message (0x0)]
	loader_get_json: Failed to open JSON file C:\Program Files (x86)\Epic Games\Launcher\Portal\Extras\Overlay\EOSOverlayVkLayer-Win64.json
2025-12-24T05:05:48.669342Z ERROR apply_zoom_effects:new{[3mwidth[0m[2m=[0m3840 [3mheight[0m[2m=[0m2160}: wgpu_hal::vulkan::instance: 	objects: (type: INSTANCE, hndl: 0x2063a464b20, name: ?)
2025-12-24T05:05:48.669398Z  INFO apply_zoom_effects:new{[3mwidth[0m[2m=[0m3840 [3mheight[0m[2m=[0m2160}: wgpu_hal::vulkan::instance: GENERAL [Loader Message (0x0)]
	Checking for Layer Manifest files in Registry at HKEY_LOCAL_MACHINE\SOFTWARE\Khronos\Vulkan\ExplicitLayers
2025-12-24T05:05:48.669442Z  INFO apply_zoom_effects:new{[3mwidth[0m[2m=[0m3840 [3mheight[0m[2m=[0m2160}: wgpu_hal::vulkan::instance: 	objects: (type: INSTANCE, hndl: 0x2063a464b20, name: ?)
2025-12-24T05:05:48.669681Z  INFO apply_zoom_effects:new{[3mwidth[0m[2m=[0m3840 [3mheight[0m[2m=[0m2160}: wgpu_hal::vulkan::instance: GENERAL [Loader Message (0x0)]
	windows_get_device_registry_files: opening device PCI\VEN_8086&DEV_3EA0&SUBSYS_14811043&REV_00\3&11583659&0&10
2025-12-24T05:05:48.669737Z  INFO apply_zoom_effects:new{[3mwidth[0m[2m=[0m3840 [3mheight[0m[2m=[0m2160}: wgpu_hal::vulkan::instance: 	objects: (type: INSTANCE, hndl: 0x2063a464b20, name: ?)
2025-12-24T05:05:48.669885Z  INFO apply_zoom_effects:new{[3mwidth[0m[2m=[0m3840 [3mheight[0m[2m=[0m2160}: wgpu_hal::vulkan::instance: GENERAL [Loader Message (0x0)]
	windows_get_device_registry_entry: Device ID(2) Does not contain a value for "VulkanExplicitLayers"
2025-12-24T05:05:48.669965Z  INFO apply_zoom_effects:new{[3mwidth[0m[2m=[0m3840 [3mheight[0m[2m=[0m2160}: wgpu_hal::vulkan::instance: 	objects: (type: INSTANCE, hndl: 0x2063a464b20, name: ?)
2025-12-24T05:05:48.670029Z  INFO apply_zoom_effects:new{[3mwidth[0m[2m=[0m3840 [3mheight[0m[2m=[0m2160}: wgpu_hal::vulkan::instance: GENERAL [Loader Message (0x0)]
	windows_get_device_registry_files: Opening child device 4 - SWD\DRIVERENUM\CUI&4&434202F&1
2025-12-24T05:05:48.670075Z  INFO apply_zoom_effects:new{[3mwidth[0m[2m=[0m3840 [3mheight[0m[2m=[0m2160}: wgpu_hal::vulkan::instance: 	objects: (type: INSTANCE, hndl: 0x2063a464b20, name: ?)
2025-12-24T05:05:48.670162Z  INFO apply_zoom_effects:new{[3mwidth[0m[2m=[0m3840 [3mheight[0m[2m=[0m2160}: wgpu_hal::vulkan::instance: GENERAL [Loader Message (0x0)]
	windows_get_device_registry_entry: Device ID(4) Does not contain a value for "VulkanExplicitLayers"
2025-12-24T05:05:48.670210Z  INFO apply_zoom_effects:new{[3mwidth[0m[2m=[0m3840 [3mheight[0m[2m=[0m2160}: wgpu_hal::vulkan::instance: 	objects: (type: INSTANCE, hndl: 0x2063a464b20, name: ?)
2025-12-24T05:05:48.670289Z  INFO apply_zoom_effects:new{[3mwidth[0m[2m=[0m3840 [3mheight[0m[2m=[0m2160}: wgpu_hal::vulkan::instance: GENERAL [Loader Message (0x0)]
	windows_get_device_registry_files: Opening child device 5 - SWD\DRIVERENUM\IGCC&4&434202F&1
2025-12-24T05:05:48.670337Z  INFO apply_zoom_effects:new{[3mwidth[0m[2m=[0m3840 [3mheight[0m[2m=[0m2160}: wgpu_hal::vulkan::instance: 	objects: (type: INSTANCE, hndl: 0x2063a464b20, name: ?)
2025-12-24T05:05:48.670431Z  INFO apply_zoom_effects:new{[3mwidth[0m[2m=[0m3840 [3mheight[0m[2m=[0m2160}: wgpu_hal::vulkan::instance: GENERAL [Loader Message (0x0)]
	windows_get_device_registry_entry: Device ID(5) Does not contain a value for "VulkanExplicitLayers"
2025-12-24T05:05:48.670486Z  INFO apply_zoom_effects:new{[3mwidth[0m[2m=[0m3840 [3mheight[0m[2m=[0m2160}: wgpu_hal::vulkan::instance: 	objects: (type: INSTANCE, hndl: 0x2063a464b20, name: ?)
2025-12-24T05:05:48.670564Z  INFO apply_zoom_effects:new{[3mwidth[0m[2m=[0m3840 [3mheight[0m[2m=[0m2160}: wgpu_hal::vulkan::instance: GENERAL [Loader Message (0x0)]
	windows_get_device_registry_files: Opening child device 6 - DISPLAY\BOE07D9\4&434202F&1&UID265988
2025-12-24T05:05:48.670637Z  INFO apply_zoom_effects:new{[3mwidth[0m[2m=[0m3840 [3mheight[0m[2m=[0m2160}: wgpu_hal::vulkan::instance: 	objects: (type: INSTANCE, hndl: 0x2063a464b20, name: ?)
2025-12-24T05:05:48.670799Z  INFO apply_zoom_effects:new{[3mwidth[0m[2m=[0m3840 [3mheight[0m[2m=[0m2160}: wgpu_hal::vulkan::instance: GENERAL [Loader Message (0x0)]
	windows_get_device_registry_files: opening device PCI\VEN_10DE&DEV_1C8D&SUBSYS_1B5E1043&REV_A1\4&1664858&0&00E4
2025-12-24T05:05:48.670876Z  INFO apply_zoom_effects:new{[3mwidth[0m[2m=[0m3840 [3mheight[0m[2m=[0m2160}: wgpu_hal::vulkan::instance: 	objects: (type: INSTANCE, hndl: 0x2063a464b20, name: ?)
2025-12-24T05:05:48.670995Z  INFO apply_zoom_effects:new{[3mwidth[0m[2m=[0m3840 [3mheight[0m[2m=[0m2160}: wgpu_hal::vulkan::instance: GENERAL [Loader Message (0x0)]
	windows_get_device_registry_entry: Device ID(3) Does not contain a value for "VulkanExplicitLayers"
2025-12-24T05:05:48.671074Z  INFO apply_zoom_effects:new{[3mwidth[0m[2m=[0m3840 [3mheight[0m[2m=[0m2160}: wgpu_hal::vulkan::instance: 	objects: (type: INSTANCE, hndl: 0x2063a464b20, name: ?)
2025-12-24T05:05:48.671162Z  INFO apply_zoom_effects:new{[3mwidth[0m[2m=[0m3840 [3mheight[0m[2m=[0m2160}: wgpu_hal::vulkan::instance: GENERAL [Loader Message (0x0)]
	windows_get_device_registry_files: unable to open child-device error:13
2025-12-24T05:05:48.671237Z  INFO apply_zoom_effects:new{[3mwidth[0m[2m=[0m3840 [3mheight[0m[2m=[0m2160}: wgpu_hal::vulkan::instance: 	objects: (type: INSTANCE, hndl: 0x2063a464b20, name: ?)
2025-12-24T05:05:48.671309Z  INFO apply_zoom_effects:new{[3mwidth[0m[2m=[0m3840 [3mheight[0m[2m=[0m2160}: wgpu_hal::vulkan::instance: GENERAL [Loader Message (0x0)]
	windows_get_device_registry_files: found no registry files
2025-12-24T05:05:48.671381Z  INFO apply_zoom_effects:new{[3mwidth[0m[2m=[0m3840 [3mheight[0m[2m=[0m2160}: wgpu_hal::vulkan::instance: 	objects: (type: INSTANCE, hndl: 0x2063a464b20, name: ?)
2025-12-24T05:05:48.671507Z  INFO apply_zoom_effects:new{[3mwidth[0m[2m=[0m3840 [3mheight[0m[2m=[0m2160}: wgpu_hal::vulkan::instance: GENERAL [Loader Message (0x0)]
	Found no registry files in HKEY_CURRENT_USER\SOFTWARE\Khronos\Vulkan\ExplicitLayers
2025-12-24T05:05:48.671591Z  INFO apply_zoom_effects:new{[3mwidth[0m[2m=[0m3840 [3mheight[0m[2m=[0m2160}: wgpu_hal::vulkan::instance: 	objects: (type: INSTANCE, hndl: 0x2063a464b20, name: ?)
2025-12-24T05:05:48.671669Z  WARN apply_zoom_effects:new{[3mwidth[0m[2m=[0m3840 [3mheight[0m[2m=[0m2160}: wgpu_hal::vulkan::instance: GENERAL [Loader Message (0x0)]
	windows_read_data_files_in_registry: Registry lookup failed to get layer manifest files.
2025-12-24T05:05:48.671749Z  WARN apply_zoom_effects:new{[3mwidth[0m[2m=[0m3840 [3mheight[0m[2m=[0m2160}: wgpu_hal::vulkan::instance: 	objects: (type: INSTANCE, hndl: 0x2063a464b20, name: ?)
2025-12-24T05:05:48.671945Z  INFO apply_zoom_effects:new{[3mwidth[0m[2m=[0m3840 [3mheight[0m[2m=[0m2160}: wgpu_hal::vulkan::instance: GENERAL [Loader Message (0x0)]
	windows_get_app_package_manifest_path: Failed to find mapping layers packages by family name
2025-12-24T05:05:48.672043Z  INFO apply_zoom_effects:new{[3mwidth[0m[2m=[0m3840 [3mheight[0m[2m=[0m2160}: wgpu_hal::vulkan::instance: 	objects: (type: INSTANCE, hndl: 0x2063a464b20, name: ?)
2025-12-24T05:05:48.672126Z  INFO apply_zoom_effects:new{[3mwidth[0m[2m=[0m3840 [3mheight[0m[2m=[0m2160}: wgpu_hal::vulkan::instance: GENERAL [Loader Message (0x0)]
	Checking for Driver Manifest files in Registry at HKEY_LOCAL_MACHINE\SOFTWARE\Khronos\Vulkan\Drivers
2025-12-24T05:05:48.672211Z  INFO apply_zoom_effects:new{[3mwidth[0m[2m=[0m3840 [3mheight[0m[2m=[0m2160}: wgpu_hal::vulkan::instance: 	objects: (type: INSTANCE, hndl: 0x2063a464b20, name: ?)
2025-12-24T05:05:48.672438Z  INFO apply_zoom_effects:new{[3mwidth[0m[2m=[0m3840 [3mheight[0m[2m=[0m2160}: wgpu_hal::vulkan::instance: GENERAL [Loader Message (0x0)]
	windows_add_json_entry: Located json file "C:\WINDOWS\System32\DriverStore\FileRepository\iigd_dch.inf_amd64_9c1ab568b4fa57de\igvk64.json" from PnP registry: E
2025-12-24T05:05:48.672529Z  INFO apply_zoom_effects:new{[3mwidth[0m[2m=[0m3840 [3mheight[0m[2m=[0m2160}: wgpu_hal::vulkan::instance: 	objects: (type: INSTANCE, hndl: 0x2063a464b20, name: ?)
2025-12-24T05:05:48.672715Z  INFO apply_zoom_effects:new{[3mwidth[0m[2m=[0m3840 [3mheight[0m[2m=[0m2160}: wgpu_hal::vulkan::instance: GENERAL [Loader Message (0x0)]
	windows_add_json_entry: Located json file "C:\WINDOWS\System32\DriverStore\FileRepository\nvamui.inf_amd64_fd91305b8294d88f\nv-vk64.json" from PnP registry: E
2025-12-24T05:05:48.672813Z  INFO apply_zoom_effects:new{[3mwidth[0m[2m=[0m3840 [3mheight[0m[2m=[0m2160}: wgpu_hal::vulkan::instance: 	objects: (type: INSTANCE, hndl: 0x2063a464b20, name: ?)
2025-12-24T05:05:48.673292Z  INFO apply_zoom_effects:new{[3mwidth[0m[2m=[0m3840 [3mheight[0m[2m=[0m2160}: wgpu_hal::vulkan::instance: GENERAL [Loader Message (0x0)]
	Found no registry files in HKEY_LOCAL_MACHINE\SOFTWARE\Khronos\Vulkan\Drivers
2025-12-24T05:05:48.673352Z  INFO apply_zoom_effects:new{[3mwidth[0m[2m=[0m3840 [3mheight[0m[2m=[0m2160}: wgpu_hal::vulkan::instance: 	objects: (type: INSTANCE, hndl: 0x2063a464b20, name: ?)
2025-12-24T05:05:48.673773Z  INFO apply_zoom_effects:new{[3mwidth[0m[2m=[0m3840 [3mheight[0m[2m=[0m2160}: wgpu_hal::vulkan::instance: GENERAL [Loader Message (0x0)]
	Found ICD manifest file C:\WINDOWS\System32\DriverStore\FileRepository\iigd_dch.inf_amd64_9c1ab568b4fa57de\igvk64.json, version 1.0.0
2025-12-24T05:05:48.673881Z  INFO apply_zoom_effects:new{[3mwidth[0m[2m=[0m3840 [3mheight[0m[2m=[0m2160}: wgpu_hal::vulkan::instance: 	objects: (type: INSTANCE, hndl: 0x2063a464b20, name: ?)
2025-12-24T05:05:48.674251Z  INFO apply_zoom_effects:new{[3mwidth[0m[2m=[0m3840 [3mheight[0m[2m=[0m2160}: wgpu_hal::vulkan::instance: GENERAL [Loader Message (0x0)]
	Found ICD manifest file C:\WINDOWS\System32\DriverStore\FileRepository\nvamui.inf_amd64_fd91305b8294d88f\nv-vk64.json, version 1.0.1
2025-12-24T05:05:48.674345Z  INFO apply_zoom_effects:new{[3mwidth[0m[2m=[0m3840 [3mheight[0m[2m=[0m2160}: wgpu_hal::vulkan::instance: 	objects: (type: INSTANCE, hndl: 0x2063a464b20, name: ?)
2025-12-24T05:05:48.674517Z  INFO apply_zoom_effects:new{[3mwidth[0m[2m=[0m3840 [3mheight[0m[2m=[0m2160}: wgpu_hal::vulkan::instance: GENERAL [Loader Message (0x0)]
	Insert instance layer "VK_LAYER_NV_optimus" (C:\WINDOWS\System32\DriverStore\FileRepository\nvamui.inf_amd64_fd91305b8294d88f\.\nvoglv64.dll)
2025-12-24T05:05:48.674605Z  INFO apply_zoom_effects:new{[3mwidth[0m[2m=[0m3840 [3mheight[0m[2m=[0m2160}: wgpu_hal::vulkan::instance: 	objects: (type: INSTANCE, hndl: 0x2063a464b20, name: ?)
2025-12-24T05:05:48.676274Z  INFO apply_zoom_effects:new{[3mwidth[0m[2m=[0m3840 [3mheight[0m[2m=[0m2160}: wgpu_hal::vulkan::instance: GENERAL [Loader Message (0x0)]
	vkCreateInstance layer callstack setup to:
2025-12-24T05:05:48.676395Z  INFO apply_zoom_effects:new{[3mwidth[0m[2m=[0m3840 [3mheight[0m[2m=[0m2160}: wgpu_hal::vulkan::instance: 	objects: (type: INSTANCE, hndl: 0x2063a464b20, name: ?)
2025-12-24T05:05:48.676497Z  INFO apply_zoom_effects:new{[3mwidth[0m[2m=[0m3840 [3mheight[0m[2m=[0m2160}: wgpu_hal::vulkan::instance: GENERAL [Loader Message (0x0)]
	   <Application>
2025-12-24T05:05:48.676590Z  INFO apply_zoom_effects:new{[3mwidth[0m[2m=[0m3840 [3mheight[0m[2m=[0m2160}: wgpu_hal::vulkan::instance: 	objects: (type: INSTANCE, hndl: 0x2063a464b20, name: ?)
2025-12-24T05:05:48.676695Z  INFO apply_zoom_effects:new{[3mwidth[0m[2m=[0m3840 [3mheight[0m[2m=[0m2160}: wgpu_hal::vulkan::instance: GENERAL [Loader Message (0x0)]
	     ||
2025-12-24T05:05:48.676782Z  INFO apply_zoom_effects:new{[3mwidth[0m[2m=[0m3840 [3mheight[0m[2m=[0m2160}: wgpu_hal::vulkan::instance: 	objects: (type: INSTANCE, hndl: 0x2063a464b20, name: ?)
2025-12-24T05:05:48.676864Z  INFO apply_zoom_effects:new{[3mwidth[0m[2m=[0m3840 [3mheight[0m[2m=[0m2160}: wgpu_hal::vulkan::instance: GENERAL [Loader Message (0x0)]
	   <Loader>
2025-12-24T05:05:48.676950Z  INFO apply_zoom_effects:new{[3mwidth[0m[2m=[0m3840 [3mheight[0m[2m=[0m2160}: wgpu_hal::vulkan::instance: 	objects: (type: INSTANCE, hndl: 0x2063a464b20, name: ?)
2025-12-24T05:05:48.677026Z  INFO apply_zoom_effects:new{[3mwidth[0m[2m=[0m3840 [3mheight[0m[2m=[0m2160}: wgpu_hal::vulkan::instance: GENERAL [Loader Message (0x0)]
	     ||
2025-12-24T05:05:48.677096Z  INFO apply_zoom_effects:new{[3mwidth[0m[2m=[0m3840 [3mheight[0m[2m=[0m2160}: wgpu_hal::vulkan::instance: 	objects: (type: INSTANCE, hndl: 0x2063a464b20, name: ?)
2025-12-24T05:05:48.677195Z  INFO apply_zoom_effects:new{[3mwidth[0m[2m=[0m3840 [3mheight[0m[2m=[0m2160}: wgpu_hal::vulkan::instance: GENERAL [Loader Message (0x0)]
	   VK_LAYER_NV_optimus
2025-12-24T05:05:48.677247Z  INFO apply_zoom_effects:new{[3mwidth[0m[2m=[0m3840 [3mheight[0m[2m=[0m2160}: wgpu_hal::vulkan::instance: 	objects: (type: INSTANCE, hndl: 0x2063a464b20, name: ?)
2025-12-24T05:05:48.677284Z  INFO apply_zoom_effects:new{[3mwidth[0m[2m=[0m3840 [3mheight[0m[2m=[0m2160}: wgpu_hal::vulkan::instance: GENERAL [Loader Message (0x0)]
	           Type: Implicit
2025-12-24T05:05:48.677325Z  INFO apply_zoom_effects:new{[3mwidth[0m[2m=[0m3840 [3mheight[0m[2m=[0m2160}: wgpu_hal::vulkan::instance: 	objects: (type: INSTANCE, hndl: 0x2063a464b20, name: ?)
2025-12-24T05:05:48.677361Z  INFO apply_zoom_effects:new{[3mwidth[0m[2m=[0m3840 [3mheight[0m[2m=[0m2160}: wgpu_hal::vulkan::instance: GENERAL [Loader Message (0x0)]
	               Disable Env Var:  DISABLE_LAYER_NV_OPTIMUS_1
2025-12-24T05:05:48.677437Z  INFO apply_zoom_effects:new{[3mwidth[0m[2m=[0m3840 [3mheight[0m[2m=[0m2160}: wgpu_hal::vulkan::instance: 	objects: (type: INSTANCE, hndl: 0x2063a464b20, name: ?)
2025-12-24T05:05:48.677515Z  INFO apply_zoom_effects:new{[3mwidth[0m[2m=[0m3840 [3mheight[0m[2m=[0m2160}: wgpu_hal::vulkan::instance: GENERAL [Loader Message (0x0)]
	           Manifest: C:\WINDOWS\System32\DriverStore\FileRepository\nvamui.inf_amd64_fd91305b8294d88f\nv-vk64.json
2025-12-24T05:05:48.677660Z  INFO apply_zoom_effects:new{[3mwidth[0m[2m=[0m3840 [3mheight[0m[2m=[0m2160}: wgpu_hal::vulkan::instance: 	objects: (type: INSTANCE, hndl: 0x2063a464b20, name: ?)
2025-12-24T05:05:48.677746Z  INFO apply_zoom_effects:new{[3mwidth[0m[2m=[0m3840 [3mheight[0m[2m=[0m2160}: wgpu_hal::vulkan::instance: GENERAL [Loader Message (0x0)]
	           Library:  C:\WINDOWS\System32\DriverStore\FileRepository\nvamui.inf_amd64_fd91305b8294d88f\.\nvoglv64.dll
2025-12-24T05:05:48.677847Z  INFO apply_zoom_effects:new{[3mwidth[0m[2m=[0m3840 [3mheight[0m[2m=[0m2160}: wgpu_hal::vulkan::instance: 	objects: (type: INSTANCE, hndl: 0x2063a464b20, name: ?)
2025-12-24T05:05:48.677939Z  INFO apply_zoom_effects:new{[3mwidth[0m[2m=[0m3840 [3mheight[0m[2m=[0m2160}: wgpu_hal::vulkan::instance: GENERAL [Loader Message (0x0)]
	     ||
2025-12-24T05:05:48.678029Z  INFO apply_zoom_effects:new{[3mwidth[0m[2m=[0m3840 [3mheight[0m[2m=[0m2160}: wgpu_hal::vulkan::instance: 	objects: (type: INSTANCE, hndl: 0x2063a464b20, name: ?)
2025-12-24T05:05:48.678111Z  INFO apply_zoom_effects:new{[3mwidth[0m[2m=[0m3840 [3mheight[0m[2m=[0m2160}: wgpu_hal::vulkan::instance: GENERAL [Loader Message (0x0)]
	   <Drivers>
2025-12-24T05:05:48.678196Z  INFO apply_zoom_effects:new{[3mwidth[0m[2m=[0m3840 [3mheight[0m[2m=[0m2160}: wgpu_hal::vulkan::instance: 	objects: (type: INSTANCE, hndl: 0x2063a464b20, name: ?)
2025-12-24T05:05:48.792261Z  INFO apply_zoom_effects:new{[3mwidth[0m[2m=[0m3840 [3mheight[0m[2m=[0m2160}: wgpu_hal::vulkan::instance: Enabling debug utils
2025-12-24T05:05:49.004816Z  WARN apply_zoom_effects:new{[3mwidth[0m[2m=[0m3840 [3mheight[0m[2m=[0m2160}: wgpu_hal::vulkan::adapter: Disabling robustBufferAccess2 and robustImageAccess2: IntegratedGpu Intel Driver is outdated. Found with version 0x191CCC, less than the known good version 0x194843 (31.0.101.2115)
2025-12-24T05:05:49.523011Z  INFO apply_zoom_effects:new{[3mwidth[0m[2m=[0m3840 [3mheight[0m[2m=[0m2160}: wgpu_core::instance: Adapter Vulkan AdapterInfo { name: "NVIDIA GeForce GTX 1050 with Max-Q Design", vendor: 4318, device: 7309, device_type: DiscreteGpu, driver: "NVIDIA", driver_info: "560.94", backend: Vulkan }
2025-12-24T05:05:49.575176Z  INFO apply_zoom_effects:new{[3mwidth[0m[2m=[0m3840 [3mheight[0m[2m=[0m2160}: wgpu_hal::vulkan::instance: GENERAL [Loader Message (0x0)]
	Inserted device layer "VK_LAYER_NV_optimus" (C:\WINDOWS\System32\DriverStore\FileRepository\nvamui.inf_amd64_fd91305b8294d88f\.\nvoglv64.dll)
2025-12-24T05:05:49.575333Z  INFO apply_zoom_effects:new{[3mwidth[0m[2m=[0m3840 [3mheight[0m[2m=[0m2160}: wgpu_hal::vulkan::instance: 	objects: (type: INSTANCE, hndl: 0x2063a464b20, name: ?)
2025-12-24T05:05:49.575453Z  INFO apply_zoom_effects:new{[3mwidth[0m[2m=[0m3840 [3mheight[0m[2m=[0m2160}: wgpu_hal::vulkan::instance: GENERAL [Loader Message (0x0)]
	vkCreateDevice layer callstack setup to:
2025-12-24T05:05:49.575612Z  INFO apply_zoom_effects:new{[3mwidth[0m[2m=[0m3840 [3mheight[0m[2m=[0m2160}: wgpu_hal::vulkan::instance: 	objects: (type: INSTANCE, hndl: 0x2063a464b20, name: ?)
2025-12-24T05:05:49.575720Z  INFO apply_zoom_effects:new{[3mwidth[0m[2m=[0m3840 [3mheight[0m[2m=[0m2160}: wgpu_hal::vulkan::instance: GENERAL [Loader Message (0x0)]
	   <Application>
2025-12-24T05:05:49.575804Z  INFO apply_zoom_effects:new{[3mwidth[0m[2m=[0m3840 [3mheight[0m[2m=[0m2160}: wgpu_hal::vulkan::instance: 	objects: (type: INSTANCE, hndl: 0x2063a464b20, name: ?)
2025-12-24T05:05:49.575884Z  INFO apply_zoom_effects:new{[3mwidth[0m[2m=[0m3840 [3mheight[0m[2m=[0m2160}: wgpu_hal::vulkan::instance: GENERAL [Loader Message (0x0)]
	     ||
2025-12-24T05:05:49.575964Z  INFO apply_zoom_effects:new{[3mwidth[0m[2m=[0m3840 [3mheight[0m[2m=[0m2160}: wgpu_hal::vulkan::instance: 	objects: (type: INSTANCE, hndl: 0x2063a464b20, name: ?)
2025-12-24T05:05:49.576074Z  INFO apply_zoom_effects:new{[3mwidth[0m[2m=[0m3840 [3mheight[0m[2m=[0m2160}: wgpu_hal::vulkan::instance: GENERAL [Loader Message (0x0)]
	   <Loader>
2025-12-24T05:05:49.576152Z  INFO apply_zoom_effects:new{[3mwidth[0m[2m=[0m3840 [3mheight[0m[2m=[0m2160}: wgpu_hal::vulkan::instance: 	objects: (type: INSTANCE, hndl: 0x2063a464b20, name: ?)
2025-12-24T05:05:49.576254Z  INFO apply_zoom_effects:new{[3mwidth[0m[2m=[0m3840 [3mheight[0m[2m=[0m2160}: wgpu_hal::vulkan::instance: GENERAL [Loader Message (0x0)]
	     ||
2025-12-24T05:05:49.576343Z  INFO apply_zoom_effects:new{[3mwidth[0m[2m=[0m3840 [3mheight[0m[2m=[0m2160}: wgpu_hal::vulkan::instance: 	objects: (type: INSTANCE, hndl: 0x2063a464b20, name: ?)
2025-12-24T05:05:49.576490Z  INFO apply_zoom_effects:new{[3mwidth[0m[2m=[0m3840 [3mheight[0m[2m=[0m2160}: wgpu_hal::vulkan::instance: GENERAL [Loader Message (0x0)]
	   VK_LAYER_NV_optimus
2025-12-24T05:05:49.576586Z  INFO apply_zoom_effects:new{[3mwidth[0m[2m=[0m3840 [3mheight[0m[2m=[0m2160}: wgpu_hal::vulkan::instance: 	objects: (type: INSTANCE, hndl: 0x2063a464b20, name: ?)
2025-12-24T05:05:49.576720Z  INFO apply_zoom_effects:new{[3mwidth[0m[2m=[0m3840 [3mheight[0m[2m=[0m2160}: wgpu_hal::vulkan::instance: GENERAL [Loader Message (0x0)]
	           Type: Implicit
2025-12-24T05:05:49.576815Z  INFO apply_zoom_effects:new{[3mwidth[0m[2m=[0m3840 [3mheight[0m[2m=[0m2160}: wgpu_hal::vulkan::instance: 	objects: (type: INSTANCE, hndl: 0x2063a464b20, name: ?)
2025-12-24T05:05:49.576923Z  INFO apply_zoom_effects:new{[3mwidth[0m[2m=[0m3840 [3mheight[0m[2m=[0m2160}: wgpu_hal::vulkan::instance: GENERAL [Loader Message (0x0)]
	               Disable Env Var:  DISABLE_LAYER_NV_OPTIMUS_1
2025-12-24T05:05:49.577080Z  INFO apply_zoom_effects:new{[3mwidth[0m[2m=[0m3840 [3mheight[0m[2m=[0m2160}: wgpu_hal::vulkan::instance: 	objects: (type: INSTANCE, hndl: 0x2063a464b20, name: ?)
2025-12-24T05:05:49.577237Z  INFO apply_zoom_effects:new{[3mwidth[0m[2m=[0m3840 [3mheight[0m[2m=[0m2160}: wgpu_hal::vulkan::instance: GENERAL [Loader Message (0x0)]
	           Manifest: C:\WINDOWS\System32\DriverStore\FileRepository\nvamui.inf_amd64_fd91305b8294d88f\nv-vk64.json
2025-12-24T05:05:49.577362Z  INFO apply_zoom_effects:new{[3mwidth[0m[2m=[0m3840 [3mheight[0m[2m=[0m2160}: wgpu_hal::vulkan::instance: 	objects: (type: INSTANCE, hndl: 0x2063a464b20, name: ?)
2025-12-24T05:05:49.577519Z  INFO apply_zoom_effects:new{[3mwidth[0m[2m=[0m3840 [3mheight[0m[2m=[0m2160}: wgpu_hal::vulkan::instance: GENERAL [Loader Message (0x0)]
	           Library:  C:\WINDOWS\System32\DriverStore\FileRepository\nvamui.inf_amd64_fd91305b8294d88f\.\nvoglv64.dll
2025-12-24T05:05:49.577632Z  INFO apply_zoom_effects:new{[3mwidth[0m[2m=[0m3840 [3mheight[0m[2m=[0m2160}: wgpu_hal::vulkan::instance: 	objects: (type: INSTANCE, hndl: 0x2063a464b20, name: ?)
2025-12-24T05:05:49.577789Z  INFO apply_zoom_effects:new{[3mwidth[0m[2m=[0m3840 [3mheight[0m[2m=[0m2160}: wgpu_hal::vulkan::instance: GENERAL [Loader Message (0x0)]
	     ||
2025-12-24T05:05:49.577966Z  INFO apply_zoom_effects:new{[3mwidth[0m[2m=[0m3840 [3mheight[0m[2m=[0m2160}: wgpu_hal::vulkan::instance: 	objects: (type: INSTANCE, hndl: 0x2063a464b20, name: ?)
2025-12-24T05:05:49.578079Z  INFO apply_zoom_effects:new{[3mwidth[0m[2m=[0m3840 [3mheight[0m[2m=[0m2160}: wgpu_hal::vulkan::instance: GENERAL [Loader Message (0x0)]
	   <Device>
2025-12-24T05:05:49.578270Z  INFO apply_zoom_effects:new{[3mwidth[0m[2m=[0m3840 [3mheight[0m[2m=[0m2160}: wgpu_hal::vulkan::instance: 	objects: (type: INSTANCE, hndl: 0x2063a464b20, name: ?)
2025-12-24T05:05:49.579627Z  INFO apply_zoom_effects:new{[3mwidth[0m[2m=[0m3840 [3mheight[0m[2m=[0m2160}: wgpu_hal::vulkan::instance: GENERAL [Loader Message (0x0)]
	       Using "NVIDIA GeForce GTX 1050 with Max-Q Design" with driver: "C:\WINDOWS\System32\DriverStore\FileRepository\nvamui.inf_amd64_fd91305b8294d88f\.\nvoglv64.dll"
2025-12-24T05:05:49.579943Z  INFO apply_zoom_effects:new{[3mwidth[0m[2m=[0m3840 [3mheight[0m[2m=[0m2160}: wgpu_hal::vulkan::instance: 	objects: (type: INSTANCE, hndl: 0x2063a464b20, name: ?)
2025-12-24T05:05:54.447183Z  INFO apply_zoom_effects:process_frame: wgpu_core::device::resource: Device::maintain: waiting for submission index 0
2025-12-24T05:05:54.480444Z  INFO apply_zoom_effects:process_frame: wgpu_core::device::resource: Device::maintain: waiting for submission index 1
2025-12-24T05:05:57.334798Z  INFO apply_zoom_effects:process_frame: wgpu_core::device::resource: Device::maintain: waiting for submission index 1
2025-12-24T05:05:57.362610Z  INFO apply_zoom_effects:process_frame: wgpu_core::device::resource: Device::maintain: waiting for submission index 2
2025-12-24T05:05:59.859685Z  INFO apply_zoom_effects:process_frame: wgpu_core::device::resource: Device::maintain: waiting for submission index 2
2025-12-24T05:05:59.910795Z  INFO apply_zoom_effects:process_frame: wgpu_core::device::resource: Device::maintain: waiting for submission index 3
2025-12-24T05:06:02.398383Z  INFO apply_zoom_effects:process_frame: wgpu_core::device::resource: Device::maintain: waiting for submission index 3
2025-12-24T05:06:02.456636Z  INFO apply_zoom_effects:process_frame: wgpu_core::device::resource: Device::maintain: waiting for submission index 4
2025-12-24T05:06:05.365243Z  INFO apply_zoom_effects:process_frame: wgpu_core::device::resource: Device::maintain: waiting for submission index 4
2025-12-24T05:06:05.416470Z  INFO apply_zoom_effects:process_frame: wgpu_core::device::resource: Device::maintain: waiting for submission index 5
2025-12-24T05:06:07.907767Z  INFO apply_zoom_effects:process_frame: wgpu_core::device::resource: Device::maintain: waiting for submission index 5
2025-12-24T05:06:07.958838Z  INFO apply_zoom_effects:process_frame: wgpu_core::device::resource: Device::maintain: waiting for submission index 6
2025-12-24T05:06:10.376052Z  INFO apply_zoom_effects:process_frame: wgpu_core::device::resource: Device::maintain: waiting for submission index 6
2025-12-24T05:06:10.425295Z  INFO apply_zoom_effects:process_frame: wgpu_core::device::resource: Device::maintain: waiting for submission index 7
2025-12-24T05:06:13.223974Z  INFO apply_zoom_effects:process_frame: wgpu_core::device::resource: Device::maintain: waiting for submission index 7
2025-12-24T05:06:13.273148Z  INFO apply_zoom_effects:process_frame: wgpu_core::device::resource: Device::maintain: waiting for submission index 8
2025-12-24T05:06:15.777561Z  INFO apply_zoom_effects:process_frame: wgpu_core::device::resource: Device::maintain: waiting for submission index 8
2025-12-24T05:06:15.827279Z  INFO apply_zoom_effects:process_frame: wgpu_core::device::resource: Device::maintain: waiting for submission index 9
2025-12-24T05:06:18.339690Z  INFO apply_zoom_effects:process_frame: wgpu_core::device::resource: Device::maintain: waiting for submission index 9
2025-12-24T05:06:18.389341Z  INFO apply_zoom_effects:process_frame: wgpu_core::device::resource: Device::maintain: waiting for submission index 10
2025-12-24T05:06:21.362193Z  INFO apply_zoom_effects:process_frame: wgpu_core::device::resource: Device::maintain: waiting for submission index 10
2025-12-24T05:06:21.459298Z  INFO apply_zoom_effects:process_frame: wgpu_core::device::resource: Device::maintain: waiting for submission index 11
2025-12-24T05:06:24.096304Z  INFO apply_zoom_effects:process_frame: wgpu_core::device::resource: Device::maintain: waiting for submission index 11
2025-12-24T05:06:24.189796Z  INFO apply_zoom_effects:process_frame: wgpu_core::device::resource: Device::maintain: waiting for submission index 12
2025-12-24T05:06:26.587263Z  INFO apply_zoom_effects:process_frame: wgpu_core::device::resource: Device::maintain: waiting for submission index 12
2025-12-24T05:06:26.612896Z  INFO apply_zoom_effects:process_frame: wgpu_core::device::resource: Device::maintain: waiting for submission index 13
2025-12-24T05:06:29.517670Z  INFO apply_zoom_effects:process_frame: wgpu_core::device::resource: Device::maintain: waiting for submission index 13
2025-12-24T05:06:29.542190Z  INFO apply_zoom_effects:process_frame: wgpu_core::device::resource: Device::maintain: waiting for submission index 14
2025-12-24T05:06:32.062274Z  INFO apply_zoom_effects:process_frame: wgpu_core::device::resource: Device::maintain: waiting for submission index 14
2025-12-24T05:06:32.088533Z  INFO apply_zoom_effects:process_frame: wgpu_core::device::resource: Device::maintain: waiting for submission index 15
2025-12-24T05:06:34.569067Z  INFO apply_zoom_effects:process_frame: wgpu_core::device::resource: Device::maintain: waiting for submission index 15
2025-12-24T05:06:34.596508Z  INFO apply_zoom_effects:process_frame: wgpu_core::device::resource: Device::maintain: waiting for submission index 16
2025-12-24T05:06:37.643986Z  INFO apply_zoom_effects:process_frame: wgpu_core::device::resource: Device::maintain: waiting for submission index 16
2025-12-24T05:06:37.671534Z  INFO apply_zoom_effects:process_frame: wgpu_core::device::resource: Device::maintain: waiting for submission index 17
2025-12-24T05:06:40.130182Z  INFO apply_zoom_effects:process_frame: wgpu_core::device::resource: Device::maintain: waiting for submission index 17
2025-12-24T05:06:40.156557Z  INFO apply_zoom_effects:process_frame: wgpu_core::device::resource: Device::maintain: waiting for submission index 18
2025-12-24T05:06:42.633105Z  INFO apply_zoom_effects:process_frame: wgpu_core::device::resource: Device::maintain: waiting for submission index 18
2025-12-24T05:06:42.659596Z  INFO apply_zoom_effects:process_frame: wgpu_core::device::resource: Device::maintain: waiting for submission index 19
2025-12-24T05:06:45.665091Z  INFO apply_zoom_effects:process_frame: wgpu_core::device::resource: Device::maintain: waiting for submission index 19
2025-12-24T05:06:45.692340Z  INFO apply_zoom_effects:process_frame: wgpu_core::device::resource: Device::maintain: waiting for submission index 20
2025-12-24T05:06:48.280561Z  INFO apply_zoom_effects:process_frame: wgpu_core::device::resource: Device::maintain: waiting for submission index 20
2025-12-24T05:06:48.307135Z  INFO apply_zoom_effects:process_frame: wgpu_core::device::resource: Device::maintain: waiting for submission index 21
2025-12-24T05:06:51.005742Z  INFO apply_zoom_effects:process_frame: wgpu_core::device::resource: Device::maintain: waiting for submission index 21
2025-12-24T05:06:51.031094Z  INFO apply_zoom_effects:process_frame: wgpu_core::device::resource: Device::maintain: waiting for submission index 22
2025-12-24T05:06:53.936948Z  INFO apply_zoom_effects:process_frame: wgpu_core::device::resource: Device::maintain: waiting for submission index 22
2025-12-24T05:06:53.961199Z  INFO apply_zoom_effects:process_frame: wgpu_core::device::resource: Device::maintain: waiting for submission index 23
2025-12-24T05:06:56.656601Z  INFO apply_zoom_effects:process_frame: wgpu_core::device::resource: Device::maintain: waiting for submission index 23
2025-12-24T05:06:56.683335Z  INFO apply_zoom_effects:process_frame: wgpu_core::device::resource: Device::maintain: waiting for submission index 24
2025-12-24T05:06:59.248682Z  INFO apply_zoom_effects:process_frame: wgpu_core::device::resource: Device::maintain: waiting for submission index 24
2025-12-24T05:06:59.274855Z  INFO apply_zoom_effects:process_frame: wgpu_core::device::resource: Device::maintain: waiting for submission index 25
2025-12-24T05:07:02.331918Z  INFO apply_zoom_effects:process_frame: wgpu_core::device::resource: Device::maintain: waiting for submission index 25
2025-12-24T05:07:02.359255Z  INFO apply_zoom_effects:process_frame: wgpu_core::device::resource: Device::maintain: waiting for submission index 26
2025-12-24T05:07:04.859713Z  INFO apply_zoom_effects:process_frame: wgpu_core::device::resource: Device::maintain: waiting for submission index 26
2025-12-24T05:07:04.885440Z  INFO apply_zoom_effects:process_frame: wgpu_core::device::resource: Device::maintain: waiting for submission index 27
2025-12-24T05:07:07.379200Z  INFO apply_zoom_effects:process_frame: wgpu_core::device::resource: Device::maintain: waiting for submission index 27
2025-12-24T05:07:07.428144Z  INFO apply_zoom_effects:process_frame: wgpu_core::device::resource: Device::maintain: waiting for submission index 28
2025-12-24T05:07:10.297377Z  INFO apply_zoom_effects:process_frame: wgpu_core::device::resource: Device::maintain: waiting for submission index 28
2025-12-24T05:07:10.386046Z  INFO apply_zoom_effects:process_frame: wgpu_core::device::resource: Device::maintain: waiting for submission index 29
2025-12-24T05:07:12.815449Z  INFO apply_zoom_effects:process_frame: wgpu_core::device::resource: Device::maintain: waiting for submission index 29
2025-12-24T05:07:12.841226Z  INFO apply_zoom_effects:process_frame: wgpu_core::device::resource: Device::maintain: waiting for submission index 30
2025-12-24T05:07:15.399235Z  INFO apply_zoom_effects:process_frame: wgpu_core::device::resource: Device::maintain: waiting for submission index 30
2025-12-24T05:07:15.424256Z  INFO apply_zoom_effects:process_frame: wgpu_core::device::resource: Device::maintain: waiting for submission index 31
2025-12-24T05:07:18.355331Z  INFO apply_zoom_effects:process_frame: wgpu_core::device::resource: Device::maintain: waiting for submission index 31
2025-12-24T05:07:18.383140Z  INFO apply_zoom_effects:process_frame: wgpu_core::device::resource: Device::maintain: waiting for submission index 32
2025-12-24T05:07:21.444133Z  INFO apply_zoom_effects:process_frame: wgpu_core::device::resource: Device::maintain: waiting for submission index 32
2025-12-24T05:07:21.472485Z  INFO apply_zoom_effects:process_frame: wgpu_core::device::resource: Device::maintain: waiting for submission index 33
2025-12-24T05:07:24.639542Z  INFO apply_zoom_effects:process_frame: wgpu_core::device::resource: Device::maintain: waiting for submission index 33
2025-12-24T05:07:24.667402Z  INFO apply_zoom_effects:process_frame: wgpu_core::device::resource: Device::maintain: waiting for submission index 34
2025-12-24T05:07:27.773603Z  INFO apply_zoom_effects:process_frame: wgpu_core::device::resource: Device::maintain: waiting for submission index 34
2025-12-24T05:07:27.799714Z  INFO apply_zoom_effects:process_frame: wgpu_core::device::resource: Device::maintain: waiting for submission index 35
2025-12-24T05:07:30.401534Z  INFO apply_zoom_effects:process_frame: wgpu_core::device::resource: Device::maintain: waiting for submission index 35
2025-12-24T05:07:30.426887Z  INFO apply_zoom_effects:process_frame: wgpu_core::device::resource: Device::maintain: waiting for submission index 36
2025-12-24T05:07:33.718650Z  INFO apply_zoom_effects:process_frame: wgpu_core::device::resource: Device::maintain: waiting for submission index 36
2025-12-24T05:07:33.746080Z  INFO apply_zoom_effects:process_frame: wgpu_core::device::resource: Device::maintain: waiting for submission index 37
2025-12-24T05:07:36.551182Z  INFO apply_zoom_effects:process_frame: wgpu_core::device::resource: Device::maintain: waiting for submission index 37
2025-12-24T05:07:36.576970Z  INFO apply_zoom_effects:process_frame: wgpu_core::device::resource: Device::maintain: waiting for submission index 38
2025-12-24T05:07:39.286769Z  INFO apply_zoom_effects:process_frame: wgpu_core::device::resource: Device::maintain: waiting for submission index 38
2025-12-24T05:07:39.312139Z  INFO apply_zoom_effects:process_frame: wgpu_core::device::resource: Device::maintain: waiting for submission index 39
2025-12-24T05:07:42.252332Z  INFO apply_zoom_effects:process_frame: wgpu_core::device::resource: Device::maintain: waiting for submission index 39
2025-12-24T05:07:42.276912Z  INFO apply_zoom_effects:process_frame: wgpu_core::device::resource: Device::maintain: waiting for submission index 40
2025-12-24T05:07:45.013125Z  INFO apply_zoom_effects:process_frame: wgpu_core::device::resource: Device::maintain: waiting for submission index 40
2025-12-24T05:07:45.042681Z  INFO apply_zoom_effects:process_frame: wgpu_core::device::resource: Device::maintain: waiting for submission index 41
2025-12-24T05:07:47.627297Z  INFO apply_zoom_effects:process_frame: wgpu_core::device::resource: Device::maintain: waiting for submission index 41
2025-12-24T05:07:47.654352Z  INFO apply_zoom_effects:process_frame: wgpu_core::device::resource: Device::maintain: waiting for submission index 42
2025-12-24T05:07:50.782687Z  INFO apply_zoom_effects:process_frame: wgpu_core::device::resource: Device::maintain: waiting for submission index 42
2025-12-24T05:07:50.809660Z  INFO apply_zoom_effects:process_frame: wgpu_core::device::resource: Device::maintain: waiting for submission index 43
2025-12-24T05:07:53.583534Z  INFO apply_zoom_effects:process_frame: wgpu_core::device::resource: Device::maintain: waiting for submission index 43
2025-12-24T05:07:53.610062Z  INFO apply_zoom_effects:process_frame: wgpu_core::device::resource: Device::maintain: waiting for submission index 44
2025-12-24T05:07:56.277153Z  INFO apply_zoom_effects:process_frame: wgpu_core::device::resource: Device::maintain: waiting for submission index 44
2025-12-24T05:07:56.302803Z  INFO apply_zoom_effects:process_frame: wgpu_core::device::resource: Device::maintain: waiting for submission index 45
2025-12-24T05:07:59.584775Z  INFO apply_zoom_effects:process_frame: wgpu_core::device::resource: Device::maintain: waiting for submission index 45
2025-12-24T05:07:59.634913Z  INFO apply_zoom_effects:process_frame: wgpu_core::device::resource: Device::maintain: waiting for submission index 46
2025-12-24T05:08:02.264386Z  INFO apply_zoom_effects:process_frame: wgpu_core::device::resource: Device::maintain: waiting for submission index 46
2025-12-24T05:08:02.357534Z  INFO apply_zoom_effects:process_frame: wgpu_core::device::resource: Device::maintain: waiting for submission index 47
2025-12-24T05:08:05.182820Z  INFO apply_zoom_effects:process_frame: wgpu_core::device::resource: Device::maintain: waiting for submission index 47
2025-12-24T05:08:05.207946Z  INFO apply_zoom_effects:process_frame: wgpu_core::device::resource: Device::maintain: waiting for submission index 48
2025-12-24T05:08:08.615798Z  INFO apply_zoom_effects:process_frame: wgpu_core::device::resource: Device::maintain: waiting for submission index 48
2025-12-24T05:08:08.648425Z  INFO apply_zoom_effects:process_frame: wgpu_core::device::resource: Device::maintain: waiting for submission index 49
2025-12-24T05:08:11.306559Z  INFO apply_zoom_effects:process_frame: wgpu_core::device::resource: Device::maintain: waiting for submission index 49
2025-12-24T05:08:11.332835Z  INFO apply_zoom_effects:process_frame: wgpu_core::device::resource: Device::maintain: waiting for submission index 50
2025-12-24T05:08:14.239340Z  INFO apply_zoom_effects:process_frame: wgpu_core::device::resource: Device::maintain: waiting for submission index 50
2025-12-24T05:08:14.263997Z  INFO apply_zoom_effects:process_frame: wgpu_core::device::resource: Device::maintain: waiting for submission index 51
2025-12-24T05:08:17.178811Z  INFO apply_zoom_effects:process_frame: wgpu_core::device::resource: Device::maintain: waiting for submission index 51
2025-12-24T05:08:17.203576Z  INFO apply_zoom_effects:process_frame: wgpu_core::device::resource: Device::maintain: waiting for submission index 52
2025-12-24T05:08:19.880269Z  INFO apply_zoom_effects:process_frame: wgpu_core::device::resource: Device::maintain: waiting for submission index 52
2025-12-24T05:08:19.907181Z  INFO apply_zoom_effects:process_frame: wgpu_core::device::resource: Device::maintain: waiting for submission index 53
2025-12-24T05:08:23.022532Z  INFO apply_zoom_effects:process_frame: wgpu_core::device::resource: Device::maintain: waiting for submission index 53
2025-12-24T05:08:23.049480Z  INFO apply_zoom_effects:process_frame: wgpu_core::device::resource: Device::maintain: waiting for submission index 54
2025-12-24T05:08:26.384248Z  INFO apply_zoom_effects:process_frame: wgpu_core::device::resource: Device::maintain: waiting for submission index 54
2025-12-24T05:08:26.412234Z  INFO apply_zoom_effects:process_frame: wgpu_core::device::resource: Device::maintain: waiting for submission index 55
2025-12-24T05:08:29.017064Z  INFO apply_zoom_effects:process_frame: wgpu_core::device::resource: Device::maintain: waiting for submission index 55
2025-12-24T05:08:29.043775Z  INFO apply_zoom_effects:process_frame: wgpu_core::device::resource: Device::maintain: waiting for submission index 56
2025-12-24T05:08:31.749606Z  INFO apply_zoom_effects:process_frame: wgpu_core::device::resource: Device::maintain: waiting for submission index 56
2025-12-24T05:08:31.775193Z  INFO apply_zoom_effects:process_frame: wgpu_core::device::resource: Device::maintain: waiting for submission index 57
2025-12-24T05:08:34.475890Z  INFO apply_zoom_effects:process_frame: wgpu_core::device::resource: Device::maintain: waiting for submission index 57
2025-12-24T05:08:34.503072Z  INFO apply_zoom_effects:process_frame: wgpu_core::device::resource: Device::maintain: waiting for submission index 58
2025-12-24T05:08:37.095407Z  INFO apply_zoom_effects:process_frame: wgpu_core::device::resource: Device::maintain: waiting for submission index 58
2025-12-24T05:08:37.121631Z  INFO apply_zoom_effects:process_frame: wgpu_core::device::resource: Device::maintain: waiting for submission index 59
2025-12-24T05:08:39.999360Z  INFO apply_zoom_effects:process_frame: wgpu_core::device::resource: Device::maintain: waiting for submission index 59
2025-12-24T05:08:40.025378Z  INFO apply_zoom_effects:process_frame: wgpu_core::device::resource: Device::maintain: waiting for submission index 60
2025-12-24T05:08:43.045758Z  INFO apply_zoom_effects:process_frame: wgpu_core::device::resource: Device::maintain: waiting for submission index 60
2025-12-24T05:08:43.072978Z  INFO apply_zoom_effects:process_frame: wgpu_core::device::resource: Device::maintain: waiting for submission index 61
2025-12-24T05:08:45.581100Z  INFO apply_zoom_effects:process_frame: wgpu_core::device::resource: Device::maintain: waiting for submission index 61
2025-12-24T05:08:45.607726Z  INFO apply_zoom_effects:process_frame: wgpu_core::device::resource: Device::maintain: waiting for submission index 62
2025-12-24T05:08:48.494842Z  INFO apply_zoom_effects:process_frame: wgpu_core::device::resource: Device::maintain: waiting for submission index 62
2025-12-24T05:08:48.519407Z  INFO apply_zoom_effects:process_frame: wgpu_core::device::resource: Device::maintain: waiting for submission index 63
2025-12-24T05:08:51.356624Z  INFO apply_zoom_effects:process_frame: wgpu_core::device::resource: Device::maintain: waiting for submission index 63
2025-12-24T05:08:51.406054Z  INFO apply_zoom_effects:process_frame: wgpu_core::device::resource: Device::maintain: waiting for submission index 64
2025-12-24T05:08:53.926685Z  INFO apply_zoom_effects:process_frame: wgpu_core::device::resource: Device::maintain: waiting for submission index 64
2025-12-24T05:08:54.018043Z  INFO apply_zoom_effects:process_frame: wgpu_core::device::resource: Device::maintain: waiting for submission index 65
2025-12-24T05:08:56.999401Z  INFO apply_zoom_effects:process_frame: wgpu_core::device::resource: Device::maintain: waiting for submission index 65
2025-12-24T05:08:57.025329Z  INFO apply_zoom_effects:process_frame: wgpu_core::device::resource: Device::maintain: waiting for submission index 66
2025-12-24T05:08:59.521994Z  INFO apply_zoom_effects:process_frame: wgpu_core::device::resource: Device::maintain: waiting for submission index 66
2025-12-24T05:08:59.547958Z  INFO apply_zoom_effects:process_frame: wgpu_core::device::resource: Device::maintain: waiting for submission index 67
2025-12-24T05:09:02.095154Z  INFO apply_zoom_effects:process_frame: wgpu_core::device::resource: Device::maintain: waiting for submission index 67
2025-12-24T05:09:02.121734Z  INFO apply_zoom_effects:process_frame: wgpu_core::device::resource: Device::maintain: waiting for submission index 68
2025-12-24T05:09:05.021971Z  INFO apply_zoom_effects:process_frame: wgpu_core::device::resource: Device::maintain: waiting for submission index 68
2025-12-24T05:09:05.045181Z  INFO apply_zoom_effects:process_frame: wgpu_core::device::resource: Device::maintain: waiting for submission index 69
2025-12-24T05:09:07.613614Z  INFO apply_zoom_effects:process_frame: wgpu_core::device::resource: Device::maintain: waiting for submission index 69
2025-12-24T05:09:07.640785Z  INFO apply_zoom_effects:process_frame: wgpu_core::device::resource: Device::maintain: waiting for submission index 70
2025-12-24T05:09:10.160496Z  INFO apply_zoom_effects:process_frame: wgpu_core::device::resource: Device::maintain: waiting for submission index 70
2025-12-24T05:09:10.187409Z  INFO apply_zoom_effects:process_frame: wgpu_core::device::resource: Device::maintain: waiting for submission index 71
2025-12-24T05:09:13.343160Z  INFO apply_zoom_effects:process_frame: wgpu_core::device::resource: Device::maintain: waiting for submission index 71
2025-12-24T05:09:13.369899Z  INFO apply_zoom_effects:process_frame: wgpu_core::device::resource: Device::maintain: waiting for submission index 72
2025-12-24T05:09:16.010854Z  INFO apply_zoom_effects:process_frame: wgpu_core::device::resource: Device::maintain: waiting for submission index 72
2025-12-24T05:09:16.037249Z  INFO apply_zoom_effects:process_frame: wgpu_core::device::resource: Device::maintain: waiting for submission index 73
2025-12-24T05:09:18.581107Z  INFO apply_zoom_effects:process_frame: wgpu_core::device::resource: Device::maintain: waiting for submission index 73
2025-12-24T05:09:18.606890Z  INFO apply_zoom_effects:process_frame: wgpu_core::device::resource: Device::maintain: waiting for submission index 74
2025-12-24T05:09:21.709838Z  INFO apply_zoom_effects:process_frame: wgpu_core::device::resource: Device::maintain: waiting for submission index 74
2025-12-24T05:09:21.739163Z  INFO apply_zoom_effects:process_frame: wgpu_core::device::resource: Device::maintain: waiting for submission index 75
2025-12-24T05:09:25.038593Z  INFO apply_zoom_effects:process_frame: wgpu_core::device::resource: Device::maintain: waiting for submission index 75
2025-12-24T05:09:25.064056Z  INFO apply_zoom_effects:process_frame: wgpu_core::device::resource: Device::maintain: waiting for submission index 76
2025-12-24T05:09:28.190327Z  INFO apply_zoom_effects:process_frame: wgpu_core::device::resource: Device::maintain: waiting for submission index 76
2025-12-24T05:09:28.216434Z  INFO apply_zoom_effects:process_frame: wgpu_core::device::resource: Device::maintain: waiting for submission index 77
2025-12-24T05:09:31.379196Z  INFO apply_zoom_effects:process_frame: wgpu_core::device::resource: Device::maintain: waiting for submission index 77
2025-12-24T05:09:31.407659Z  INFO apply_zoom_effects:process_frame: wgpu_core::device::resource: Device::maintain: waiting for submission index 78
2025-12-24T05:11:46.272064Z  INFO apply_zoom_effects: wgpu_core::device::resource: Device::maintain: waiting for submission index 78
2025-12-24T05:11:46.733830Z  INFO apply_zoom_effects: video: [libx264 @ 0000020631945040] frame I:22    Avg QP:16.44  size:290197
2025-12-24T05:11:46.733921Z  INFO apply_zoom_effects: video: [libx264 @ 0000020631945040] frame P:44    Avg QP:19.93  size: 25016
2025-12-24T05:11:46.734017Z  INFO apply_zoom_effects: video: [libx264 @ 0000020631945040] frame B:175   Avg QP:21.38  size: 11627
2025-12-24T05:11:46.735608Z  INFO apply_zoom_effects: video: [libx264 @ 0000020631945040] consecutive B-frames:  1.2%  4.1%  5.0% 89.6%
2025-12-24T05:11:46.735654Z  INFO apply_zoom_effects: video: [libx264 @ 0000020631945040] mb I  I16..4: 34.1% 49.2% 16.7%
2025-12-24T05:11:46.735711Z  INFO apply_zoom_effects: video: [libx264 @ 0000020631945040] mb P  I16..4:  3.0%  5.2%  1.6%  P16..4:  3.5%  0.3%  0.2%  0.0%  0.0%    skip:86.4%
2025-12-24T05:11:46.735781Z  INFO apply_zoom_effects: video: [libx264 @ 0000020631945040] mb B  I16..4:  0.7%  0.7%  0.6%  B16..8:  7.4%  0.4%  0.1%  direct: 0.2%  skip:89.8%  L0:55.3% L1:43.6% BI: 1.0%
2025-12-24T05:11:46.736197Z  INFO apply_zoom_effects: video: [libx264 @ 0000020631945040] 8x8 transform intra:48.2% inter:56.9%
2025-12-24T05:11:46.736278Z  INFO apply_zoom_effects: video: [libx264 @ 0000020631945040] coded y,uvDC,uvAC intra: 20.7% 6.9% 4.4% inter: 0.6% 0.3% 0.0%
2025-12-24T05:11:46.736310Z  INFO apply_zoom_effects: video: [libx264 @ 0000020631945040] i16 v,h,dc,p: 54% 43%  2%  1%
2025-12-24T05:11:46.736381Z  INFO apply_zoom_effects: video: [libx264 @ 0000020631945040] i8 v,h,dc,ddl,ddr,vr,hd,vl,hu: 57% 14% 24%  1%  1%  1%  1%  1%  1%
2025-12-24T05:11:46.736414Z  INFO apply_zoom_effects: video: [libx264 @ 0000020631945040] i4 v,h,dc,ddl,ddr,vr,hd,vl,hu: 45% 21% 11%  3%  4%  5%  4%  4%  4%
2025-12-24T05:11:46.736445Z  INFO apply_zoom_effects: video: [libx264 @ 0000020631945040] i8c dc,h,v,p: 86%  9%  5%  0%
2025-12-24T05:11:46.736483Z  INFO apply_zoom_effects: video: [libx264 @ 0000020631945040] Weighted P-Frames: Y:2.3% UV:0.0%
2025-12-24T05:11:46.736536Z  INFO apply_zoom_effects: video: [libx264 @ 0000020631945040] ref P L0: 56.0%  2.2% 30.5% 11.3%  0.1%
2025-12-24T05:11:46.736606Z  INFO apply_zoom_effects: video: [libx264 @ 0000020631945040] ref B L0: 65.7% 30.3%  4.0%
2025-12-24T05:11:46.736635Z  INFO apply_zoom_effects: video: [libx264 @ 0000020631945040] ref B L1: 93.8%  6.2%
2025-12-24T05:11:46.736665Z  INFO apply_zoom_effects: video: [libx264 @ 0000020631945040] kb/s:9480.30
